\BOOKMARK [1][-]{section.1}{Background}{}% 1
\BOOKMARK [2][-]{subsection.1.1}{Monte Carlo Methods}{section.1}% 2
\BOOKMARK [2][-]{subsection.1.2}{Rejection Sampling}{section.1}% 3
\BOOKMARK [2][-]{subsection.1.3}{Markov Chains \046 The Metropolis-Hastings Algorithm}{section.1}% 4
\BOOKMARK [1][-]{section.2}{Univariate Target Distribution}{}% 5
\BOOKMARK [2][-]{subsection.2.1}{Analytical Solution}{section.2}% 6
\BOOKMARK [2][-]{subsection.2.2}{Rejection Sampling}{section.2}% 7
\BOOKMARK [2][-]{subsection.2.3}{Metropolis-Hastings Algorithm}{section.2}% 8
\BOOKMARK [2][-]{subsection.2.4}{Analytical vs Rejection vs MH}{section.2}% 9
\BOOKMARK [1][-]{section.3}{Bivariate Target Distribution}{}% 10
\BOOKMARK [2][-]{subsection.3.1}{Analytical Solution}{section.3}% 11
\BOOKMARK [2][-]{subsection.3.2}{Metropolis-Hastings Algorithm}{section.3}% 12
\BOOKMARK [2][-]{subsection.3.3}{Analytical vs MH}{section.3}% 13
\BOOKMARK [1][-]{section.4}{Conclusion}{}% 14
\BOOKMARK [1][-]{appendix.A}{One-Dimensional Likelihood Function}{}% 15
\BOOKMARK [1][-]{appendix.B}{Computing the Posterior Probability for Theta}{}% 16
\BOOKMARK [1][-]{appendix.C}{Asymptotic Independence of Posterior on Prior}{}% 17
\BOOKMARK [1][-]{appendix.D}{Asymptotic Convergence of the Posterior Mean to the MLE Mean for Theta}{}% 18
\BOOKMARK [1][-]{appendix.E}{2-D Likelihood in Gaussian Form}{}% 19
\BOOKMARK [1][-]{appendix.F}{2-D Posterior in Gaussian Form}{}% 20
\BOOKMARK [1][-]{appendix.G}{Data}{}% 21
\BOOKMARK [1][-]{appendix.H}{Python Code for Univariate Model}{}% 22
\BOOKMARK [1][-]{appendix.I}{Python Code for Bivariate Model}{}% 23
